2024-05-14T08:40:43.710Z 0: 

----------------------------------------------
2024-05-14T08:40:43.730Z 1: Discord starting: {"releaseChannel":"stable","version":"0.0.54"}, modulepath: /home/mil2442/.config/discord/0.0.54/modules
2024-05-14T08:40:43.736Z 2: ✅ webContents.created web1 ""
2024-05-14T08:40:43.744Z 3: ✅ window.created win1 "discord"
2024-05-14T08:40:44.057Z 4: ✅ webContents.did-finish-load web1
2024-05-14T08:40:54.475Z 5: ✅ webContents.created web2 ""
2024-05-14T08:40:54.485Z 6: ✅ window.created win2 "Discord"
2024-05-14T08:40:55.894Z 7: ✅ webContents.did-finish-load web2
2024-05-14T08:40:55.996Z 8: window.close win1
2024-05-14T08:40:56.008Z 9: webContents.destroyed web1
2024-05-14T08:40:56.010Z 10: window.closed win1
2024-05-14T08:40:56.893Z 11: ✅ webContents.did-finish-load web2
2024-05-14T12:56:17.288Z 12: before-quit
2024-05-14T12:56:17.292Z 13: window.close win2
2024-05-14T12:56:17.328Z 14: webContents.destroyed web2
2024-05-14T12:56:17.343Z 15: window.closed win2
2024-05-21T13:34:23.625Z 0: 

----------------------------------------------
2024-05-21T13:34:23.647Z 1: Discord starting: {"releaseChannel":"stable","version":"0.0.54"}, modulepath: /home/mil2442/.config/discord/0.0.54/modules
2024-05-21T13:34:23.663Z 2: ✅ webContents.created web1 ""
2024-05-21T13:34:23.669Z 3: ✅ window.created win1 "discord"
2024-05-21T13:34:23.996Z 4: ✅ webContents.did-finish-load web1
2024-05-21T13:34:37.156Z 5: ✅ webContents.created web2 ""
2024-05-21T13:34:37.163Z 6: ✅ window.created win2 "Discord"
2024-05-21T13:34:40.117Z 7: ✅ webContents.did-finish-load web2
2024-05-21T13:34:40.217Z 8: window.close win1
2024-05-21T13:34:40.228Z 9: webContents.destroyed web1
2024-05-21T13:34:40.230Z 10: window.closed win1
2024-05-21T13:36:01.524Z 11: before-quit
2024-05-21T13:36:01.527Z 12: window.close win2
2024-05-21T13:36:01.538Z 13: webContents.destroyed web2
2024-05-21T13:36:01.546Z 14: window.closed win2
2024-05-21T14:19:23.735Z 0: 

----------------------------------------------
2024-05-21T14:19:23.752Z 1: Discord starting: {"releaseChannel":"stable","version":"0.0.54"}, modulepath: /home/mil2442/.config/discord/0.0.54/modules
2024-05-21T14:19:23.766Z 2: ✅ webContents.created web1 ""
2024-05-21T14:19:23.772Z 3: ✅ window.created win1 "discord"
2024-05-21T14:19:24.120Z 4: ✅ webContents.did-finish-load web1
2024-05-21T14:19:47.856Z 5: window.close win1
2024-05-21T14:19:47.864Z 6: webContents.destroyed web1
2024-05-21T14:19:50.229Z 0: 

----------------------------------------------
2024-05-21T14:19:50.243Z 1: Discord starting: {"releaseChannel":"stable","version":"0.0.54"}, modulepath: /home/mil2442/.config/discord/0.0.54/modules
2024-05-21T14:19:50.256Z 2: ✅ webContents.created web1 ""
2024-05-21T14:19:50.260Z 3: ✅ window.created win1 "discord"
2024-05-21T14:19:50.488Z 4: ✅ webContents.did-finish-load web1
2024-05-21T14:19:51.220Z 5: ✅ webContents.created web2 ""
2024-05-21T14:19:51.230Z 6: ✅ window.created win2 "Discord"
2024-05-21T14:19:54.055Z 7: ✅ webContents.did-finish-load web2
2024-05-21T14:19:54.155Z 8: window.close win1
2024-05-21T14:19:54.163Z 9: webContents.destroyed web1
2024-05-21T14:19:54.165Z 10: window.closed win1
2024-05-21T15:30:41.484Z 11: before-quit
2024-05-21T15:30:41.487Z 12: window.close win2
2024-05-21T15:30:41.510Z 13: webContents.destroyed web2
2024-05-21T15:30:41.535Z 14: window.closed win2
