[2024-03-21 14:57:06.366] [info]  No state version found, assuming empty state.
[2024-03-21 14:57:07.203] [info]  State version: 26
[2024-03-21 14:57:24.529] [info]  Error: The name is not activatable
[2024-03-21 14:57:24.606] [info]  Error: The name is not activatable
[2024-03-21 14:57:24.607] [info]  Error: The name is not activatable
[2024-03-21 14:57:24.619] [info]  Error: The name is not activatable
[2024-03-21 14:57:24.623] [info]  Error: The name is not activatable
[2024-03-21 14:57:24.640] [error] Error: Cannot start a HubConnection that is not in the 'Disconnected' state.
[2024-03-21 14:57:24.860] [info]  Finished search indexing
[2024-03-21 14:57:25.603] [info]  Finished search indexing
[2024-03-21 14:57:43.417] [error] TypeError: Object has been destroyed
    at WindowMain.<anonymous> (/usr/lib/bitwarden/app.asar/main.js:82374:36)
    at Generator.next (<anonymous>)
    at /usr/lib/bitwarden/app.asar/main.js:82136:71
    at new Promise (<anonymous>)
    at window_main_awaiter (/usr/lib/bitwarden/app.asar/main.js:82132:12)
    at WindowMain.updateWindowState (/usr/lib/bitwarden/app.asar/main.js:82369:16)
    at WindowMain.<anonymous> (/usr/lib/bitwarden/app.asar/main.js:82303:28)
    at Generator.next (<anonymous>)
    at /usr/lib/bitwarden/app.asar/main.js:82136:71
    at new Promise (<anonymous>)
[2024-04-09 15:17:57.429] [info]  State version: 26
[2024-04-09 15:17:57.434] [info]  Migrator MinVersionMigrator (to version 2) should migrate: false - up
[2024-04-09 15:17:57.435] [info]  Migrator FixPremiumMigrator (to version 3) should migrate: false - up
[2024-04-09 15:17:57.435] [info]  Migrator RemoveEverBeenUnlockedMigrator (to version 4) should migrate: false - up
[2024-04-09 15:17:57.435] [info]  Migrator AddKeyTypeToOrgKeysMigrator (to version 5) should migrate: false - up
[2024-04-09 15:17:57.436] [info]  Migrator RemoveLegacyEtmKeyMigrator (to version 6) should migrate: false - up
[2024-04-09 15:17:57.436] [info]  Migrator MoveBiometricAutoPromptToAccount (to version 7) should migrate: false - up
[2024-04-09 15:17:57.436] [info]  Migrator MoveStateVersionMigrator (to version 8) should migrate: false - up
[2024-04-09 15:17:57.436] [info]  Migrator MoveBrowserSettingsToGlobal (to version 9) should migrate: false - up
[2024-04-09 15:17:57.437] [info]  Migrator EverHadUserKeyMigrator (to version 10) should migrate: false - up
[2024-04-09 15:17:57.437] [info]  Migrator OrganizationKeyMigrator (to version 11) should migrate: false - up
[2024-04-09 15:17:57.437] [info]  Migrator MoveEnvironmentStateToProviders (to version 12) should migrate: false - up
[2024-04-09 15:17:57.437] [info]  Migrator ProviderKeyMigrator (to version 13) should migrate: false - up
[2024-04-09 15:17:57.438] [info]  Migrator MoveBiometricClientKeyHalfToStateProviders (to version 14) should migrate: false - up
[2024-04-09 15:17:57.438] [info]  Migrator FolderMigrator (to version 15) should migrate: false - up
[2024-04-09 15:17:57.438] [info]  Migrator LastSyncMigrator (to version 16) should migrate: false - up
[2024-04-09 15:17:57.438] [info]  Migrator EnablePasskeysMigrator (to version 17) should migrate: false - up
[2024-04-09 15:17:57.438] [info]  Migrator AutofillSettingsKeyMigrator (to version 18) should migrate: false - up
[2024-04-09 15:17:57.438] [info]  Migrator RequirePasswordOnStartMigrator (to version 19) should migrate: false - up
[2024-04-09 15:17:57.438] [info]  Migrator PrivateKeyMigrator (to version 20) should migrate: false - up
[2024-04-09 15:17:57.438] [info]  Migrator CollectionMigrator (to version 21) should migrate: false - up
[2024-04-09 15:17:57.439] [info]  Migrator CollapsedGroupingsMigrator (to version 22) should migrate: false - up
[2024-04-09 15:17:57.439] [info]  Migrator MoveBiometricPromptsToStateProviders (to version 23) should migrate: false - up
[2024-04-09 15:17:57.439] [info]  Migrator SmOnboardingTasksMigrator (to version 24) should migrate: false - up
[2024-04-09 15:17:57.439] [info]  Migrator ClearClipboardDelayMigrator (to version 25) should migrate: false - up
[2024-04-09 15:17:57.439] [info]  Migrator RevertLastSyncMigrator (to version 26) should migrate: false - up
[2024-04-09 15:17:58.447] [info]  State version: 26
[2024-04-09 15:17:58.467] [info]  Error: The name is not activatable
[2024-04-09 15:17:58.490] [error] TypeError: Object has been destroyed
    at WindowMain.<anonymous> (/usr/lib/bitwarden/app.asar/main.js:82374:36)
    at Generator.next (<anonymous>)
    at /usr/lib/bitwarden/app.asar/main.js:82136:71
    at new Promise (<anonymous>)
    at window_main_awaiter (/usr/lib/bitwarden/app.asar/main.js:82132:12)
    at WindowMain.updateWindowState (/usr/lib/bitwarden/app.asar/main.js:82369:16)
    at WindowMain.<anonymous> (/usr/lib/bitwarden/app.asar/main.js:82303:28)
    at Generator.next (<anonymous>)
    at /usr/lib/bitwarden/app.asar/main.js:82136:71
    at new Promise (<anonymous>)
