2024-03-07 23:55:09.670 [info] Log level: Info
2024-03-07 23:55:09.670 [info] Validating found git in: "git"
2024-03-07 23:55:09.670 [info] Using git "2.44.0" from "git"
2024-03-07 23:55:09.670 [info] > git rev-parse --show-toplevel [5ms]
2024-03-07 23:55:09.671 [info] > git rev-parse --show-toplevel [2ms]
2024-03-07 23:55:09.683 [info] > git rev-parse --show-toplevel [1ms]
2024-03-07 23:55:09.693 [info] > git rev-parse --show-toplevel [1ms]
2024-03-07 23:55:09.703 [info] > git rev-parse --show-toplevel [1ms]
2024-03-07 23:55:09.713 [info] > git rev-parse --show-toplevel [0ms]
2024-03-07 23:55:09.723 [info] > git rev-parse --show-toplevel [1ms]
2024-03-07 23:55:09.734 [info] > git rev-parse --show-toplevel [1ms]
2024-03-07 23:55:09.745 [info] > git rev-parse --show-toplevel [1ms]
2024-03-07 23:55:09.756 [info] > git rev-parse --show-toplevel [2ms]
2024-03-07 23:55:09.766 [info] > git rev-parse --show-toplevel [1ms]
2024-03-07 23:55:09.775 [info] > git rev-parse --show-toplevel [1ms]
2024-03-07 23:55:09.785 [info] > git rev-parse --show-toplevel [1ms]
2024-03-07 23:55:09.795 [info] > git rev-parse --show-toplevel [0ms]
2024-03-07 23:55:09.804 [info] > git rev-parse --show-toplevel [1ms]
2024-03-07 23:55:09.814 [info] > git rev-parse --show-toplevel [1ms]
2024-03-07 23:55:10.876 [info] > git rev-parse --show-toplevel [16ms]
2024-03-07 23:55:16.304 [info] > git rev-parse --show-toplevel [2ms]
2024-03-07 23:55:16.319 [info] > git rev-parse --git-dir --git-common-dir [1ms]
2024-03-07 23:55:16.330 [info] Open repository: /home/mil2442/dotfiles
2024-03-07 23:55:16.345 [info] > git config --get commit.template [1ms]
2024-03-07 23:55:16.365 [info] > git for-each-ref --format=%(refname)%00%(upstream:short)%00%(objectname)%00%(upstream:track)%00%(upstream:remotename)%00%(upstream:remoteref) refs/heads/main refs/remotes/main [9ms]
2024-03-07 23:55:16.388 [info] > git status -z -uall [9ms]
2024-03-07 23:55:16.409 [info] > git config --get commit.template [2ms]
2024-03-07 23:55:16.422 [info] > git for-each-ref --format=%(refname)%00%(upstream:short)%00%(objectname)%00%(upstream:track)%00%(upstream:remotename)%00%(upstream:remoteref) refs/heads/main refs/remotes/main [2ms]
2024-03-07 23:55:16.477 [info] > git status -z -uall [18ms]
2024-03-07 23:55:16.484 [info] > git merge-base refs/heads/main refs/remotes/origin/main [8ms]
2024-03-07 23:55:16.504 [info] > git rev-list --count --left-right refs/heads/main...refs/remotes/origin/main [6ms]
2024-03-07 23:55:17.133 [info] > git check-ignore -v -z --stdin [1ms]
2024-03-07 23:55:21.048 [info] > git show --textconv HEAD:.stow-local-ignore [17ms]
2024-03-07 23:55:21.051 [info] > git ls-tree -l HEAD -- /home/mil2442/dotfiles/.stow-local-ignore [3ms]
2024-03-07 23:55:21.564 [info] > git check-ignore -v -z --stdin [2ms]
2024-03-07 23:55:22.552 [info] > git show --textconv HEAD:Code [17ms]
2024-03-07 23:55:22.554 [info] > git ls-tree -l HEAD -- /home/mil2442/dotfiles/Code [4ms]
2024-03-07 23:55:24.075 [info] > git config --get commit.template [3ms]
2024-03-07 23:55:24.092 [info] > git for-each-ref --format=%(refname)%00%(upstream:short)%00%(objectname)%00%(upstream:track)%00%(upstream:remotename)%00%(upstream:remoteref) refs/heads/main refs/remotes/main [2ms]
2024-03-07 23:55:24.119 [info] > git status -z -uall [12ms]
2024-03-07 23:55:24.859 [info] > git check-ignore -v -z --stdin [2ms]
2024-03-07 23:55:26.785 [info] > git show --textconv HEAD:dunst [18ms]
2024-03-07 23:55:26.788 [info] > git ls-tree -l HEAD -- /home/mil2442/dotfiles/dunst [4ms]
2024-03-07 23:55:29.148 [info] > git config --get commit.template [2ms]
2024-03-07 23:55:29.164 [info] > git for-each-ref --format=%(refname)%00%(upstream:short)%00%(objectname)%00%(upstream:track)%00%(upstream:remotename)%00%(upstream:remoteref) refs/heads/main refs/remotes/main [2ms]
2024-03-07 23:55:29.188 [info] > git status -z -uall [10ms]
2024-03-07 23:55:29.907 [info] > git check-ignore -v -z --stdin [2ms]
2024-03-07 23:55:30.493 [info] > git ls-tree -l HEAD -- /home/mil2442/dotfiles/dunst [2ms]
2024-03-07 23:55:40.674 [info] > git config --get commit.template [17ms]
2024-03-07 23:55:40.675 [info] > git for-each-ref --format=%(refname)%00%(upstream:short)%00%(objectname)%00%(upstream:track)%00%(upstream:remotename)%00%(upstream:remoteref) refs/heads/main refs/remotes/main [3ms]
2024-03-07 23:55:40.699 [info] > git status -z -uall [11ms]
2024-03-07 23:55:42.944 [info] > git check-ignore -v -z --stdin [4ms]
